# JRE version: OpenJDK Runtime Environment (11.0.2+9) (build 11.0.2+9)
# Java VM: OpenJDK 64-Bit Server VM (11.0.2+9, mixed mode, tiered, compressed oops, g1 gc, windows-amd64)
Heap:
 garbage-first heap   total 1036288K, used 225376K [0x000000040e000000, 0x0000000800000000)
  region size 4096K, 53 young (217088K), 2 survivors (8192K)
 Metaspace       used 53385K, capacity 54408K, committed 54576K, reserved 1097728K
  class space    used 5567K, capacity 5992K, committed 6016K, reserved 1048576K
GC Heap History (8 events):
Event: 0.773 GC heap before
{Heap before GC invocations=0 (full 0):
 garbage-first heap   total 1036288K, used 36864K [0x000000040e000000, 0x0000000800000000)
  region size 4096K, 10 young (40960K), 0 survivors (0K)
 Metaspace       used 20722K, capacity 21203K, committed 21296K, reserved 1069056K
  class space    used 2187K, capacity 2416K, committed 2432K, reserved 1048576K
}
Event: 0.779 GC heap after
{Heap after GC invocations=1 (full 0):
 garbage-first heap   total 1036288K, used 6377K [0x000000040e000000, 0x0000000800000000)
  region size 4096K, 2 young (8192K), 2 survivors (8192K)
 Metaspace       used 20722K, capacity 21203K, committed 21296K, reserved 1069056K
  class space    used 2187K, capacity 2416K, committed 2432K, reserved 1048576K
}
Event: 2.815 GC heap before
{Heap before GC invocations=2 (full 0):
 garbage-first heap   total 1036288K, used 43241K [0x000000040e000000, 0x0000000800000000)
  region size 4096K, 12 young (49152K), 2 survivors (8192K)
 Metaspace       used 33771K, capacity 34464K, committed 34736K, reserved 1079296K
  class space    used 3713K, capacity 4010K, committed 4096K, reserved 1048576K
}
Event: 2.819 GC heap after
{Heap after GC invocations=3 (full 0):
 garbage-first heap   total 1036288K, used 9735K [0x000000040e000000, 0x0000000800000000)
  region size 4096K, 1 young (4096K), 1 survivors (4096K)
 Metaspace       used 33771K, capacity 34464K, committed 34736K, reserved 1079296K
  class space    used 3713K, capacity 4010K, committed 4096K, reserved 1048576K
}
Event: 3.123 GC heap before
{Heap before GC invocations=3 (full 0):
 garbage-first heap   total 1036288K, used 67079K [0x000000040e000000, 0x0000000800000000)
  region size 4096K, 17 young (69632K), 1 survivors (4096K)
 Metaspace       used 35023K, capacity 35739K, committed 35888K, reserved 1081344K
  class space    used 3818K, capacity 4115K, committed 4224K, reserved 1048576K
}
Event: 3.125 GC heap after
{Heap after GC invocations=4 (full 0):
 garbage-first heap   total 1036288K, used 10522K [0x000000040e000000, 0x0000000800000000)
  region size 4096K, 2 young (8192K), 2 survivors (8192K)
 Metaspace       used 35023K, capacity 35739K, committed 35888K, reserved 1081344K
  class space    used 3818K, capacity 4115K, committed 4224K, reserved 1048576K
}
Event: 3.447 GC heap before
{Heap before GC invocations=5 (full 0):
 garbage-first heap   total 1036288K, used 92442K [0x000000040e000000, 0x0000000800000000)
  region size 4096K, 23 young (94208K), 2 survivors (8192K)
 Metaspace       used 46748K, capacity 47588K, committed 47920K, reserved 1091584K
  class space    used 4783K, capacity 5128K, committed 5248K, reserved 1048576K
}
Event: 3.448 GC heap after
{Heap after GC invocations=6 (full 0):
 garbage-first heap   total 1036288K, used 12384K [0x000000040e000000, 0x0000000800000000)
  region size 4096K, 2 young (8192K), 2 survivors (8192K)
 Metaspace       used 46748K, capacity 47588K, committed 47920K, reserved 1091584K
  class space    used 4783K, capacity 5128K, committed 5248K, reserved 1048576K
}

