# JRE version: OpenJDK Runtime Environment (11.0.2+9) (build 11.0.2+9)
# Java VM: OpenJDK 64-Bit Server VM (11.0.2+9, mixed mode, tiered, compressed oops, g1 gc, windows-amd64)
Heap:
 garbage-first heap   total 1036288K, used 186984K [0x000000040e000000, 0x0000000800000000)
  region size 4096K, 22 young (90112K), 5 survivors (20480K)
 Metaspace       used 71816K, capacity 74039K, committed 74160K, reserved 1114112K
  class space    used 7966K, capacity 8902K, committed 8960K, reserved 1048576K
GC Heap History (10 events):
Event: 2.879 GC heap before
{Heap before GC invocations=3 (full 0):
 garbage-first heap   total 1036288K, used 13935K [0x000000040e000000, 0x0000000800000000)
  region size 4096K, 4 young (16384K), 1 survivors (4096K)
 Metaspace       used 35068K, capacity 35757K, committed 35920K, reserved 1081344K
  class space    used 3764K, capacity 4050K, committed 4096K, reserved 1048576K
}
Event: 2.880 GC heap after
{Heap after GC invocations=4 (full 0):
 garbage-first heap   total 1036288K, used 11677K [0x000000040e000000, 0x0000000800000000)
  region size 4096K, 2 young (8192K), 2 survivors (8192K)
 Metaspace       used 35068K, capacity 35757K, committed 35920K, reserved 1081344K
  class space    used 3764K, capacity 4050K, committed 4096K, reserved 1048576K
}
Event: 3.034 GC heap before
{Heap before GC invocations=5 (full 0):
 garbage-first heap   total 1036288K, used 81309K [0x000000040e000000, 0x0000000800000000)
  region size 4096K, 19 young (77824K), 2 survivors (8192K)
 Metaspace       used 44557K, capacity 45326K, committed 45488K, reserved 1089536K
  class space    used 4544K, capacity 4850K, committed 4864K, reserved 1048576K
}
Event: 3.038 GC heap after
{Heap after GC invocations=6 (full 0):
 garbage-first heap   total 1036288K, used 17495K [0x000000040e000000, 0x0000000800000000)
  region size 4096K, 3 young (12288K), 3 survivors (12288K)
 Metaspace       used 44557K, capacity 45326K, committed 45488K, reserved 1089536K
  class space    used 4544K, capacity 4850K, committed 4864K, reserved 1048576K
}
Event: 4.001 GC heap before
{Heap before GC invocations=7 (full 0):
 garbage-first heap   total 1036288K, used 136279K [0x000000040e000000, 0x0000000800000000)
  region size 4096K, 30 young (122880K), 3 survivors (12288K)
 Metaspace       used 59849K, capacity 60938K, committed 61104K, reserved 1103872K
  class space    used 6440K, capacity 6910K, committed 6912K, reserved 1048576K
}
Event: 4.005 GC heap after
{Heap after GC invocations=8 (full 0):
 garbage-first heap   total 1036288K, used 52458K [0x000000040e000000, 0x0000000800000000)
  region size 4096K, 4 young (16384K), 4 survivors (16384K)
 Metaspace       used 59849K, capacity 60938K, committed 61104K, reserved 1103872K
  class space    used 6440K, capacity 6910K, committed 6912K, reserved 1048576K
}
Event: 4.708 GC heap before
{Heap before GC invocations=8 (full 0):
 garbage-first heap   total 1036288K, used 171242K [0x000000040e000000, 0x0000000800000000)
  region size 4096K, 33 young (135168K), 4 survivors (16384K)
 Metaspace       used 68718K, capacity 70633K, committed 70832K, reserved 1112064K
  class space    used 7605K, capacity 8390K, committed 8448K, reserved 1048576K
}
Event: 4.713 GC heap after
{Heap after GC invocations=9 (full 0):
 garbage-first heap   total 1036288K, used 68087K [0x000000040e000000, 0x0000000800000000)
  region size 4096K, 4 young (16384K), 4 survivors (16384K)
 Metaspace       used 68718K, capacity 70633K, committed 70832K, reserved 1112064K
  class space    used 7605K, capacity 8390K, committed 8448K, reserved 1048576K
}
Event: 4.972 GC heap before
{Heap before GC invocations=9 (full 0):
 garbage-first heap   total 1036288K, used 211447K [0x000000040e000000, 0x0000000800000000)
  region size 4096K, 40 young (163840K), 4 survivors (16384K)
 Metaspace       used 70443K, capacity 72612K, committed 72752K, reserved 1114112K
  class space    used 7872K, capacity 8748K, committed 8832K, reserved 1048576K
}
Event: 4.980 GC heap after
{Heap after GC invocations=10 (full 0):
 garbage-first heap   total 1036288K, used 109160K [0x000000040e000000, 0x0000000800000000)
  region size 4096K, 5 young (20480K), 5 survivors (20480K)
 Metaspace       used 70443K, capacity 72612K, committed 72752K, reserved 1114112K
  class space    used 7872K, capacity 8748K, committed 8832K, reserved 1048576K
}

